avr. 16, 2016 6:37:20 PM org.apache.catalina.core.AprLifecycleListener init
INFOS: The APR based Apache Tomcat Native library which allows optimal performance in production environments was not found on the java.library.path: C:\Program Files\Java\jdk1.8.0_20\bin;C:\WINDOWS\Sun\Java\bin;C:\WINDOWS\system32;C:\WINDOWS;C:\Users\Honoré\bin;C:\Users\Honoré\AppData\Local\Programs\Git\mingw64\bin;C:\Users\Honoré\AppData\Local\Programs\Git\usr\local\bin;C:\Users\Honoré\AppData\Local\Programs\Git\usr\bin;C:\Users\Honoré\AppData\Local\Programs\Git\usr\bin;C:\Users\Honoré\AppData\Local\Programs\Git\mingw64\bin;C:\Users\Honoré\AppData\Local\Programs\Git\usr\bin;C:\Users\Honoré\bin;C:\ProgramData\Oracle\Java\javapath;C:\Program Files (x86)\OCaml\emacs-23.3\bin;C:\Program Files (x86)\OCaml\bin;C:\OCaml\emacs-23.3\bin;C:\Program Files (x86)\Intel\iCLS Client;C:\Program Files\Intel\iCLS Client;C:\Program Files (x86)\NVIDIA Corporation\PhysX\Common;C:\Windows\system32;C:\Windows;C:\Windows\System32\Wbem;C:\Windows\System32\WindowsPowerShell\v1.0;C:\Program Files (x86)\Intel\OpenCL SDK\2.0\bin\x86;C:\Program Files (x86)\Intel\OpenCL SDK\2.0\bin\x64;C:\Program Files\Intel\Intel(R) Management Engine Components\DAL;C:\Program Files\Intel\Intel(R) Management Engine Components\IPT;C:\Program Files (x86)\Intel\Intel(R) Management Engine Components\DAL;C:\Program Files (x86)\Intel\Intel(R) Management Engine Components\IPT;C:\Program Files (x86)\Calibre2;C:\Program Files\VDownloader;C:\Users\Honoré\AppData\Local\Smartbar\Application;C:\wamp\bin\php\php5.4.12;C:\Program Files (x86)\Windows Kits\8.1\Windows Performance Toolkit;C:\Program Files\Microsoft SQL Server\110\Tools\Binn;C:\Program Files (x86)\Microsoft SDKs\TypeScript\1.0;C:\Program Files\Microsoft SQL Server\120\Tools\Binn;C:\WINDOWS\system32;C:\WINDOWS;C:\WINDOWS\System32\Wbem;C:\WINDOWS\System32\WindowsPowerShell\v1.0;C:\Program Files (x86)\nodejs;C:\Program Files (x86)\Skype\Phone;C:\Program Files\OpenVPN\bin;C:\Program Files\MiKTeX 2.9\miktex\bin\x64;C:\Program Files (x86)\Apache Software Foundation\apache-maven-3.2.5\bin;C:\Program Files\Java\jdk1.8.0_20\bin;C:\Users\Honoré\AppData\Roaming\npm;.;.;.;C:\Users\Honoré\AppData\Local\Programs\Git\usr\bin\vendor_perl;C:\Users\Honoré\AppData\Local\Programs\Git\usr\bin\core_perl;.;;.
avr. 16, 2016 6:37:24 PM org.apache.coyote.AbstractProtocol init
INFOS: Initializing ProtocolHandler ["http-bio-8080"]
avr. 16, 2016 6:37:24 PM org.apache.coyote.AbstractProtocol init
INFOS: Initializing ProtocolHandler ["ajp-bio-8009"]
avr. 16, 2016 6:37:32 PM org.apache.openejb.util.OptionsLog info
INFOS: Using 'openejb.jdbc.datasource-creator=org.apache.tomee.jdbc.TomEEDataSourceCreator'
avr. 16, 2016 6:37:32 PM org.apache.openejb.OpenEJB$Instance <init>
INFOS: ********************************************************************************
avr. 16, 2016 6:37:32 PM org.apache.openejb.OpenEJB$Instance <init>
INFOS: OpenEJB http://openejb.apache.org/
avr. 16, 2016 6:37:32 PM org.apache.openejb.OpenEJB$Instance <init>
INFOS: Startup: Sat Apr 16 18:37:32 CEST 2016
avr. 16, 2016 6:37:32 PM org.apache.openejb.OpenEJB$Instance <init>
INFOS: Copyright 1999-2013 (C) Apache OpenEJB Project, All Rights Reserved.
avr. 16, 2016 6:37:32 PM org.apache.openejb.OpenEJB$Instance <init>
INFOS: Version: 4.7.1
avr. 16, 2016 6:37:32 PM org.apache.openejb.OpenEJB$Instance <init>
INFOS: Build date: 20140912
avr. 16, 2016 6:37:32 PM org.apache.openejb.OpenEJB$Instance <init>
INFOS: Build time: 01:43
avr. 16, 2016 6:37:32 PM org.apache.openejb.OpenEJB$Instance <init>
INFOS: ********************************************************************************
avr. 16, 2016 6:37:32 PM org.apache.openejb.OpenEJB$Instance <init>
INFOS: openejb.home = C:\Users\Honoré\Desktop\TP_FAC\M1S2CAR_JEE\car-tp4\apache-tomee
avr. 16, 2016 6:37:32 PM org.apache.openejb.OpenEJB$Instance <init>
INFOS: openejb.base = C:\Users\Honoré\Desktop\TP_FAC\M1S2CAR_JEE\car-tp4\apache-tomee
avr. 16, 2016 6:37:32 PM org.apache.openejb.cdi.CdiBuilder initializeOWB
INFOS: Created new singletonService org.apache.openejb.cdi.ThreadSingletonServiceImpl@60438a68
avr. 16, 2016 6:37:32 PM org.apache.openejb.cdi.CdiBuilder initializeOWB
INFOS: Succeeded in installing singleton service
avr. 16, 2016 6:37:33 PM org.apache.openejb.config.ConfigurationFactory init
INFOS: openejb configuration file is 'C:\Users\Honoré\Desktop\TP_FAC\M1S2CAR_JEE\car-tp4\apache-tomee\conf\tomee.xml'
avr. 16, 2016 6:37:33 PM org.apache.openejb.config.ConfigurationFactory configureService
INFOS: Configuring Service(id=Tomcat Security Service, type=SecurityService, provider-id=Tomcat Security Service)
avr. 16, 2016 6:37:33 PM org.apache.openejb.config.ConfigurationFactory configureService
INFOS: Configuring Service(id=Default Transaction Manager, type=TransactionManager, provider-id=Default Transaction Manager)
avr. 16, 2016 6:37:33 PM org.apache.openejb.util.OptionsLog info
INFOS: Using 'openejb.system.apps=true'
avr. 16, 2016 6:37:33 PM org.apache.openejb.config.ConfigurationFactory configureApplication
INFOS: Configuring enterprise application: openejb
avr. 16, 2016 6:37:35 PM org.apache.openejb.config.InitEjbDeployments deploy
INFOS: Using openejb.deploymentId.format '{ejbName}'
avr. 16, 2016 6:37:35 PM org.apache.openejb.config.InitEjbDeployments deploy
INFOS: Auto-deploying ejb openejb/Deployer: EjbDeployment(deployment-id=openejb/Deployer)
avr. 16, 2016 6:37:35 PM org.apache.openejb.config.InitEjbDeployments deploy
INFOS: Auto-deploying ejb openejb/ConfigurationInfo: EjbDeployment(deployment-id=openejb/ConfigurationInfo)
avr. 16, 2016 6:37:35 PM org.apache.openejb.config.InitEjbDeployments deploy
INFOS: Auto-deploying ejb MEJB: EjbDeployment(deployment-id=MEJB)
avr. 16, 2016 6:37:35 PM org.apache.openejb.config.ConfigurationFactory configureService
INFOS: Configuring Service(id=Default Stateless Container, type=Container, provider-id=Default Stateless Container)
avr. 16, 2016 6:37:35 PM org.apache.openejb.config.AutoConfig createContainer
INFOS: Auto-creating a container for bean openejb/Deployer: Container(type=STATELESS, id=Default Stateless Container)
avr. 16, 2016 6:37:36 PM org.apache.openejb.config.AppInfoBuilder build
INFOS: Enterprise application "openejb" loaded.
avr. 16, 2016 6:37:36 PM org.apache.openejb.assembler.classic.Assembler createRecipe
INFOS: Creating TransactionManager(id=Default Transaction Manager)
avr. 16, 2016 6:37:37 PM org.apache.openejb.assembler.classic.Assembler createRecipe
INFOS: Creating SecurityService(id=Tomcat Security Service)
avr. 16, 2016 6:37:41 PM org.apache.openejb.assembler.classic.Assembler createRecipe
INFOS: Creating Container(id=Default Stateless Container)
avr. 16, 2016 6:37:41 PM org.apache.openejb.assembler.classic.Assembler createApplication
INFOS: Assembling app: openejb
avr. 16, 2016 6:37:44 PM org.apache.openejb.util.OptionsLog info
INFOS: Using 'openejb.jndiname.format={deploymentId}{interfaceType.openejbLegacyName}'
avr. 16, 2016 6:37:44 PM org.apache.openejb.assembler.classic.JndiBuilder bind
INFOS: Jndi(name=openejb/DeployerBusinessRemote) --> Ejb(deployment-id=openejb/Deployer)
avr. 16, 2016 6:37:44 PM org.apache.openejb.assembler.classic.JndiBuilder bind
INFOS: Jndi(name=global/openejb/openejb/Deployer!org.apache.openejb.assembler.Deployer) --> Ejb(deployment-id=openejb/Deployer)
avr. 16, 2016 6:37:44 PM org.apache.openejb.assembler.classic.JndiBuilder bind
INFOS: Jndi(name=global/openejb/openejb/Deployer) --> Ejb(deployment-id=openejb/Deployer)
avr. 16, 2016 6:37:45 PM org.apache.openejb.assembler.classic.JndiBuilder bind
INFOS: Jndi(name=openejb/ConfigurationInfoBusinessRemote) --> Ejb(deployment-id=openejb/ConfigurationInfo)
avr. 16, 2016 6:37:45 PM org.apache.openejb.assembler.classic.JndiBuilder bind
INFOS: Jndi(name=global/openejb/openejb/ConfigurationInfo!org.apache.openejb.assembler.classic.cmd.ConfigurationInfo) --> Ejb(deployment-id=openejb/ConfigurationInfo)
avr. 16, 2016 6:37:45 PM org.apache.openejb.assembler.classic.JndiBuilder bind
INFOS: Jndi(name=global/openejb/openejb/ConfigurationInfo) --> Ejb(deployment-id=openejb/ConfigurationInfo)
avr. 16, 2016 6:37:45 PM org.apache.openejb.assembler.classic.JndiBuilder bind
INFOS: Jndi(name=MEJB) --> Ejb(deployment-id=MEJB)
avr. 16, 2016 6:37:45 PM org.apache.openejb.assembler.classic.JndiBuilder bind
INFOS: Jndi(name=global/openejb/MEJB!javax.management.j2ee.ManagementHome) --> Ejb(deployment-id=MEJB)
avr. 16, 2016 6:37:45 PM org.apache.openejb.assembler.classic.JndiBuilder bind
INFOS: Jndi(name=global/openejb/MEJB) --> Ejb(deployment-id=MEJB)
avr. 16, 2016 6:37:45 PM org.apache.openejb.assembler.classic.Assembler startEjbs
INFOS: Created Ejb(deployment-id=MEJB, ejb-name=MEJB, container=Default Stateless Container)
avr. 16, 2016 6:37:45 PM org.apache.openejb.assembler.classic.Assembler startEjbs
INFOS: Created Ejb(deployment-id=openejb/ConfigurationInfo, ejb-name=openejb/ConfigurationInfo, container=Default Stateless Container)
avr. 16, 2016 6:37:45 PM org.apache.openejb.assembler.classic.Assembler startEjbs
INFOS: Created Ejb(deployment-id=openejb/Deployer, ejb-name=openejb/Deployer, container=Default Stateless Container)
avr. 16, 2016 6:37:46 PM org.apache.openejb.assembler.classic.Assembler startEjbs
INFOS: Started Ejb(deployment-id=MEJB, ejb-name=MEJB, container=Default Stateless Container)
avr. 16, 2016 6:37:46 PM org.apache.openejb.assembler.classic.Assembler startEjbs
INFOS: Started Ejb(deployment-id=openejb/ConfigurationInfo, ejb-name=openejb/ConfigurationInfo, container=Default Stateless Container)
avr. 16, 2016 6:37:46 PM org.apache.openejb.assembler.classic.Assembler startEjbs
INFOS: Started Ejb(deployment-id=openejb/Deployer, ejb-name=openejb/Deployer, container=Default Stateless Container)
avr. 16, 2016 6:37:46 PM org.apache.openejb.assembler.classic.Assembler deployMBean
INFOS: Deployed MBean(openejb.user.mbeans:application=openejb,group=org.apache.openejb.assembler.monitoring,name=JMXDeployer)
avr. 16, 2016 6:37:46 PM org.apache.openejb.assembler.classic.Assembler createApplication
INFOS: Deployed Application(path=openejb)
avr. 16, 2016 6:37:48 PM org.apache.openejb.server.SimpleServiceManager start
INFOS:   ** Bound Services **
avr. 16, 2016 6:37:48 PM org.apache.openejb.server.SimpleServiceManager printRow
INFOS:   NAME                 IP              PORT  
avr. 16, 2016 6:37:48 PM org.apache.openejb.server.SimpleServiceManager start
INFOS: -------
avr. 16, 2016 6:37:48 PM org.apache.openejb.server.SimpleServiceManager start
INFOS: Ready!
avr. 16, 2016 6:37:48 PM org.apache.catalina.startup.Catalina load
INFOS: Initialization processed in 28597 ms
avr. 16, 2016 6:37:49 PM org.apache.tomee.catalina.OpenEJBNamingContextListener bindResource
INFOS: Importing a Tomcat Resource with id 'UserDatabase' of type 'org.apache.catalina.UserDatabase'.
avr. 16, 2016 6:37:49 PM org.apache.openejb.assembler.classic.Assembler createRecipe
INFOS: Creating Resource(id=UserDatabase)
avr. 16, 2016 6:37:49 PM org.apache.catalina.core.StandardService startInternal
INFOS: Démarrage du service Catalina
avr. 16, 2016 6:37:49 PM org.apache.catalina.core.StandardEngine startInternal
INFOS: Starting Servlet Engine: Apache Tomcat (TomEE)/7.0.55 (1.7.1)
avr. 16, 2016 6:37:50 PM org.apache.catalina.startup.HostConfig deployWAR
INFOS: Déploiement de l'archive C:\Users\Honoré\Desktop\TP_FAC\M1S2CAR_JEE\car-tp4\apache-tomee\webapps\ROOT.war de l'application web
avr. 16, 2016 6:37:50 PM org.apache.tomee.catalina.TomcatWebAppBuilder init
INFOS: ------------------------- localhost -> /
avr. 16, 2016 6:37:52 PM org.apache.openejb.config.ConfigurationFactory configureApplication
INFOS: Configuring enterprise application: C:\Users\Honoré\Desktop\TP_FAC\M1S2CAR_JEE\car-tp4\apache-tomee\webapps\ROOT
avr. 16, 2016 6:38:03 PM org.apache.openejb.config.AutoConfig deploy
INFOS: Configuring PersistenceUnit(name=book-pu)
avr. 16, 2016 6:38:03 PM org.apache.openejb.config.ConfigurationFactory configureService
INFOS: Configuring Service(id=Default JDBC Database, type=Resource, provider-id=Default JDBC Database)
avr. 16, 2016 6:38:03 PM org.apache.openejb.config.AutoConfig logAutoCreateResource
INFOS: Auto-creating a Resource with id 'Default JDBC Database' of type 'DataSource for 'book-pu'.
avr. 16, 2016 6:38:03 PM org.apache.openejb.assembler.classic.Assembler createRecipe
INFOS: Creating Resource(id=Default JDBC Database)
avr. 16, 2016 6:38:03 PM org.apache.tomee.jdbc.TomEEDataSourceCreator$TomEEDataSource readOnly
INFOS: Disabling testOnBorrow since no validation query is provided
avr. 16, 2016 6:38:03 PM org.apache.openejb.config.ConfigurationFactory configureService
INFOS: Configuring Service(id=Default Unmanaged JDBC Database, type=Resource, provider-id=Default Unmanaged JDBC Database)
avr. 16, 2016 6:38:03 PM org.apache.openejb.config.AutoConfig logAutoCreateResource
INFOS: Auto-creating a Resource with id 'Default Unmanaged JDBC Database' of type 'DataSource for 'book-pu'.
avr. 16, 2016 6:38:03 PM org.apache.openejb.assembler.classic.Assembler createRecipe
INFOS: Creating Resource(id=Default Unmanaged JDBC Database)
avr. 16, 2016 6:38:03 PM org.apache.tomee.jdbc.TomEEDataSourceCreator$TomEEDataSource readOnly
INFOS: Disabling testOnBorrow since no validation query is provided
avr. 16, 2016 6:38:04 PM org.apache.openejb.config.AutoConfig setJtaDataSource
INFOS: Adjusting PersistenceUnit book-pu <jta-data-source> to Resource ID 'Default JDBC Database' from 'bookDatabase'
avr. 16, 2016 6:38:04 PM org.apache.openejb.config.AutoConfig setNonJtaDataSource
INFOS: Adjusting PersistenceUnit book-pu <non-jta-data-source> to Resource ID 'Default Unmanaged JDBC Database' from 'null'
avr. 16, 2016 6:38:04 PM org.apache.openejb.config.AppInfoBuilder build
INFOS: Enterprise application "C:\Users\Honoré\Desktop\TP_FAC\M1S2CAR_JEE\car-tp4\apache-tomee\webapps\ROOT" loaded.
avr. 16, 2016 6:38:04 PM org.apache.openejb.assembler.classic.Assembler createApplication
INFOS: Assembling app: C:\Users\Honoré\Desktop\TP_FAC\M1S2CAR_JEE\car-tp4\apache-tomee\webapps\ROOT
avr. 16, 2016 6:38:08 PM null
INFOS: OpenJPA dynamically loaded a validation provider.
avr. 16, 2016 6:38:08 PM org.apache.openejb.assembler.classic.ReloadableEntityManagerFactory createDelegate
INFOS: PersistenceUnit(name=book-pu, provider=org.apache.openjpa.persistence.PersistenceProviderImpl) - provider time 4890ms
avr. 16, 2016 6:38:08 PM org.apache.openejb.cdi.CdiBuilder initSingleton
INFOS: Existing thread singleton service in SystemInstance(): org.apache.openejb.cdi.ThreadSingletonServiceImpl@60438a68
avr. 16, 2016 6:38:09 PM org.apache.openejb.cdi.OpenEJBLifecycle startApplication
INFOS: OpenWebBeans Container is starting...
avr. 16, 2016 6:38:09 PM org.apache.webbeans.plugins.PluginLoader startUp
INFOS: Adding OpenWebBeansPlugin : [CdiPlugin]
avr. 16, 2016 6:38:09 PM org.apache.webbeans.plugins.PluginLoader startUp
INFOS: Adding OpenWebBeansPlugin : [OpenWebBeansJsfPlugin]
avr. 16, 2016 6:38:10 PM org.apache.webbeans.config.BeansDeployer validateInjectionPoints
INFOS: All injection points were validated successfully.
avr. 16, 2016 6:38:10 PM org.apache.openejb.cdi.OpenEJBLifecycle startApplication
INFOS: OpenWebBeans Container has started, it took 411 ms.
avr. 16, 2016 6:38:10 PM org.apache.openejb.assembler.classic.Assembler createApplication
INFOS: Deployed Application(path=C:\Users\Honoré\Desktop\TP_FAC\M1S2CAR_JEE\car-tp4\apache-tomee\webapps\ROOT)
avr. 16, 2016 6:38:13 PM org.apache.catalina.startup.HostConfig deployWAR
INFOS: Deployment of web application archive C:\Users\Honoré\Desktop\TP_FAC\M1S2CAR_JEE\car-tp4\apache-tomee\webapps\ROOT.war has finished in 23 461 ms
avr. 16, 2016 6:38:13 PM org.apache.coyote.AbstractProtocol start
INFOS: Starting ProtocolHandler ["http-bio-8080"]
avr. 16, 2016 6:38:13 PM org.apache.coyote.AbstractProtocol start
INFOS: Starting ProtocolHandler ["ajp-bio-8009"]
avr. 16, 2016 6:38:13 PM org.apache.catalina.startup.Catalina start
INFOS: Server startup in 25653 ms
